[debug] [2022-08-20T15:51:41.708Z] ----------------------------------------------------------------------
[debug] [2022-08-20T15:51:41.710Z] Command:       C:\Program Files\nodejs\node.exe C:\Users\MD KALAM\AppData\Roaming\npm\node_modules\firebase-tools\lib\bin\firebase.js init
[debug] [2022-08-20T15:51:41.710Z] CLI Version:   11.7.0
[debug] [2022-08-20T15:51:41.710Z] Platform:      win32
[debug] [2022-08-20T15:51:41.710Z] Node Version:  v16.14.0
[debug] [2022-08-20T15:51:41.711Z] Time:          Sat Aug 20 2022 21:21:41 GMT+0530 (India Standard Time)
[debug] [2022-08-20T15:51:41.711Z] ----------------------------------------------------------------------
[debug] 
[debug] [2022-08-20T15:51:41.716Z] > command requires scopes: ["email","openid","https://www.googleapis.com/auth/cloudplatformprojects.readonly","https://www.googleapis.com/auth/firebase","https://www.googleapis.com/auth/cloud-platform"]
[debug] [2022-08-20T15:51:41.716Z] > authorizing via signed-in user (arsh9608raja@gmail.com)
[info] 
     ######## #### ########  ######## ########     ###     ######  ########
     ##        ##  ##     ## ##       ##     ##  ##   ##  ##       ##
     ######    ##  ########  ######   ########  #########  ######  ######
     ##        ##  ##    ##  ##       ##     ## ##     ##       ## ##
     ##       #### ##     ## ######## ########  ##     ##  ######  ########

You're about to initialize a Firebase project in this directory:

  C:\Users\MD KALAM\Desktop\NETFLIX\netflix-clone

[info] 
=== Project Setup
[info] 
[info] First, let's associate this project directory with a Firebase project.
[info] You can create multiple project aliases by running firebase use --add, 
[info] but for now we'll just set up a default project.
[info] 
[debug] [2022-08-20T15:52:30.373Z] >>> [apiv2][query] GET https://firebase.googleapis.com/v1beta1/projects pageSize=100
[debug] [2022-08-20T15:52:32.320Z] <<< [apiv2][status] GET https://firebase.googleapis.com/v1beta1/projects 200
[debug] [2022-08-20T15:52:32.320Z] <<< [apiv2][body] GET https://firebase.googleapis.com/v1beta1/projects [omitted]
[info] i  Using project netflix-clone-1093d (netflix-clone) 
[info] 
=== Hosting Setup
[info] 
[info] Your public directory is the folder (relative to your project directory) that
[info] will contain Hosting assets to be uploaded with firebase deploy. If you
[info] have a build process for your assets, use your build's output directory.
[info] 
[debug] [2022-08-23T19:17:02.113Z] ----------------------------------------------------------------------
[debug] [2022-08-23T19:17:02.115Z] Command:       C:\Program Files\nodejs\node.exe C:\Users\MD KALAM\AppData\Roaming\npm\node_modules\firebase-tools\lib\bin\firebase.js login
[debug] [2022-08-23T19:17:02.115Z] CLI Version:   11.7.0
[debug] [2022-08-23T19:17:02.115Z] Platform:      win32
[debug] [2022-08-23T19:17:02.116Z] Node Version:  v16.14.0
[debug] [2022-08-23T19:17:02.116Z] Time:          Wed Aug 24 2022 00:47:02 GMT+0530 (India Standard Time)
[debug] [2022-08-23T19:17:02.117Z] ----------------------------------------------------------------------
[debug] 
[debug] [2022-08-23T19:17:02.120Z] >>> [apiv2][query] GET https://firebase-public.firebaseio.com/cli.json [none]
[info] i  Firebase optionally collects CLI and Emulator Suite usage and error reporting information to help improve our products. Data is collected in accordance with Google's privacy policy (https://policies.google.com/privacy) and is not used to identify you.
 
[debug] [2022-08-23T19:17:03.523Z] <<< [apiv2][status] GET https://firebase-public.firebaseio.com/cli.json 200
[debug] [2022-08-23T19:17:03.523Z] <<< [apiv2][body] GET https://firebase-public.firebaseio.com/cli.json {"cloudBuildErrorAfter":1594252800000,"cloudBuildWarnAfter":1590019200000,"defaultNode10After":1594252800000,"minVersion":"3.0.5","node8DeploysDisabledAfter":1613390400000,"node8RuntimeDisabledAfter":1615809600000,"node8WarnAfter":1600128000000}
[debug] [2022-08-23T19:19:28.107Z] ----------------------------------------------------------------------
[debug] [2022-08-23T19:19:28.108Z] Command:       C:\Program Files\nodejs\node.exe C:\Users\MD KALAM\AppData\Roaming\npm\node_modules\firebase-tools\lib\bin\firebase.js login
[debug] [2022-08-23T19:19:28.108Z] CLI Version:   11.7.0
[debug] [2022-08-23T19:19:28.108Z] Platform:      win32
[debug] [2022-08-23T19:19:28.108Z] Node Version:  v16.14.0
[debug] [2022-08-23T19:19:28.109Z] Time:          Wed Aug 24 2022 00:49:28 GMT+0530 (India Standard Time)
[debug] [2022-08-23T19:19:28.109Z] ----------------------------------------------------------------------
[debug] 
[info] i  Firebase optionally collects CLI and Emulator Suite usage and error reporting information to help improve our products. Data is collected in accordance with Google's privacy policy (https://policies.google.com/privacy) and is not used to identify you.
 
[debug] [2022-08-23T19:22:46.028Z] ----------------------------------------------------------------------
[debug] [2022-08-23T19:22:46.030Z] Command:       C:\Program Files\nodejs\node.exe C:\Users\MD KALAM\AppData\Roaming\npm\node_modules\firebase-tools\lib\bin\firebase.js login
[debug] [2022-08-23T19:22:46.030Z] CLI Version:   11.7.0
[debug] [2022-08-23T19:22:46.030Z] Platform:      win32
[debug] [2022-08-23T19:22:46.030Z] Node Version:  v16.14.0
[debug] [2022-08-23T19:22:46.031Z] Time:          Wed Aug 24 2022 00:52:46 GMT+0530 (India Standard Time)
[debug] [2022-08-23T19:22:46.031Z] ----------------------------------------------------------------------
[debug] 
[info] i  Firebase optionally collects CLI and Emulator Suite usage and error reporting information to help improve our products. Data is collected in accordance with Google's privacy policy (https://policies.google.com/privacy) and is not used to identify you.
 
